2025-05-31 15:28:27,648 - INFO - Criando anotaÁıes autom·ticas...
2025-05-31 15:28:27,648 - INFO - Iniciando criaÁ„o de anotaÁıes autom·ticas...
2025-05-31 15:28:31,341 - INFO - AnotaÁıes criadas:
2025-05-31 15:28:31,341 - INFO - - Total de imagens processadas: 10
2025-05-31 15:28:31,341 - INFO - - Imagens com acnes detectadas: 8
2025-05-31 15:28:31,342 - INFO - - Total de acnes detectadas: 57
2025-05-31 15:28:31,342 - INFO - - MÈdia de acnes por imagem: 5.70
2025-05-31 15:28:31,342 - INFO - Dividindo dataset...
2025-05-31 15:28:31,342 - INFO - Dividindo dataset...
2025-05-31 15:29:57,541 - INFO - Verificando pr√©-requisitos...
2025-05-31 15:29:57,542 - INFO - OK: Todos os pr√©-requisitos verificados
2025-05-31 15:29:57,542 - INFO - ETAPA 1: Prepara√ß√£o de dados e anota√ß√£o autom√°tica
2025-05-31 15:30:03,883 - INFO - Criando anota√ß√µes autom√°ticas...
2025-05-31 15:30:03,883 - INFO - Iniciando cria√ß√£o de anota√ß√µes autom√°ticas...
2025-05-31 15:30:04,703 - INFO - Anota√ß√µes criadas:
2025-05-31 15:30:04,703 - INFO - - Total de imagens processadas: 10
2025-05-31 15:30:04,704 - INFO - - Imagens com acnes detectadas: 8
2025-05-31 15:30:04,704 - INFO - - Total de acnes detectadas: 57
2025-05-31 15:30:04,704 - INFO - - M√©dia de acnes por imagem: 5.70
2025-05-31 15:30:04,705 - INFO - Dividindo dataset...
2025-05-31 15:30:04,705 - INFO - Dividindo dataset...
2025-05-31 15:30:04,706 - WARNING - Dados insuficientes para estratifica√ß√£o, usando divis√£o aleat√≥ria
2025-05-31 15:30:04,792 - INFO - Dataset dividido:
2025-05-31 15:30:04,792 - INFO - - Treino: 5 imagens
2025-05-31 15:30:04,792 - INFO - - Valida√ß√£o: 1 imagens
2025-05-31 15:30:04,793 - INFO - - Teste: 2 imagens
2025-05-31 15:30:04,793 - INFO - - Divis√£o aleat√≥ria aplicada
2025-05-31 15:30:04,793 - INFO - Criando configura√ß√£o YOLO...
2025-05-31 15:30:04,794 - INFO - Configura√ß√£o YOLO salva em: acne_detection_output\dataset\acne_config.yaml
2025-05-31 15:30:04,794 - INFO - Gerando visualiza√ß√µes...
2025-05-31 15:30:24,583 - INFO - Visualiza√ß√£o salva em: acne_detection_output\results\sample_annotations.png
2025-05-31 15:30:24,584 - INFO - OK: Etapa 1 conclu√≠da em 27.04 segundos
2025-05-31 15:30:24,585 - INFO - ETAPA 2: Treinamento do modelo YOLOv8
2025-05-31 15:30:24,976 - INFO - Usando device: cpu
2025-05-31 15:30:24,976 - INFO - Iniciando treinamento com 2 √©pocas...
2025-05-31 15:30:24,977 - INFO - Iniciando treinamento do YOLOv8...
2025-05-31 15:30:37,800 - INFO - Treinamento conclu√≠do com sucesso!
2025-05-31 15:30:37,800 - INFO - M√©tricas finais: {'mAP50': 0.0, 'mAP50-95': 0.0, 'precision': 0.0, 'recall': 0.0}
2025-05-31 15:30:37,825 - INFO - Melhor modelo carregado: acne_detection_output\models\acne_detection\weights\best.pt
2025-05-31 15:30:37,828 - INFO - Avaliando modelo...
2025-05-31 15:30:37,828 - INFO - Iniciando avalia√ß√£o do modelo...
2025-05-31 15:30:41,740 - INFO - M√©tricas de avalia√ß√£o:
2025-05-31 15:30:41,741 - INFO - - mAP50: 0.0000
2025-05-31 15:30:41,741 - INFO - - mAP50-95: 0.0000
2025-05-31 15:30:41,741 - INFO - - precision: 0.0000
2025-05-31 15:30:41,741 - INFO - - recall: 0.0000
2025-05-31 15:30:41,742 - INFO - - f1_score: 0.0000
2025-05-31 15:30:41,742 - INFO - M√©tricas de avalia√ß√£o:
2025-05-31 15:30:41,742 - INFO -    mAP50: 0.0000
2025-05-31 15:30:41,743 - INFO -    mAP50-95: 0.0000
2025-05-31 15:30:41,743 - INFO -    precision: 0.0000
2025-05-31 15:30:41,743 - INFO -    recall: 0.0000
2025-05-31 15:30:41,743 - INFO -    f1_score: 0.0000
2025-05-31 15:30:41,743 - INFO - Fazendo predi√ß√µes em amostras...
2025-05-31 15:30:41,744 - INFO - Fazendo predi√ß√µes em 10 imagens de exemplo...
2025-05-31 15:30:41,951 - INFO - Predi√ß√µes conclu√≠das:
2025-05-31 15:30:41,951 - INFO - - Imagens processadas: 2
2025-05-31 15:30:41,952 - INFO - - Total de detec√ß√µes: 0
2025-05-31 15:30:41,952 - INFO - - M√©dia de detec√ß√µes por imagem: 0.00
2025-05-31 15:30:41,952 - INFO - Gerando visualiza√ß√µes das predi√ß√µes...
2025-05-31 15:30:52,909 - INFO - Visualiza√ß√£o salva em: acne_detection_output\results\predictions_visualization.png
2025-05-31 15:30:52,911 - INFO - Gerando plots de treinamento...
2025-05-31 15:30:55,582 - INFO - Plots de treinamento salvos em: acne_detection_output\results\training_plots.png
2025-05-31 15:30:55,582 - INFO - OK: Etapa 2 conclu√≠da em 31.00 segundos
2025-05-31 15:30:55,583 - INFO - ETAPA 3: An√°lise completa dos resultados
2025-05-31 15:30:55,590 - ERROR - ERRO: Erro na an√°lise de resultados: No module named 'plotly'
2025-05-31 15:30:55,591 - ERROR - Pipeline interrompido na etapa de an√°lise
